# JRE version: Java(TM) SE Runtime Environment (21.0.2+13) (build 21.0.2+13-LTS-58)
# Java VM: Java HotSpot(TM) 64-Bit Server VM (21.0.2+13-LTS-58, mixed mode, sharing, tiered, compressed oops, compressed class ptrs, g1 gc, bsd-amd64)
Heap:
 garbage-first heap   total 96256K, used 80423K [0x0000000780000000, 0x0000000800000000)
  region size 1024K, 41 young (41984K), 4 survivors (4096K)
 Metaspace       used 58873K, committed 60544K, reserved 491520K
  class space    used 8259K, committed 9088K, reserved 425984K
GC Heap History (20 events):
Event: 1.015 GC heap before
{Heap before GC invocations=1 (full 0):
 garbage-first heap   total 133120K, used 29582K [0x0000000780000000, 0x0000000800000000)
  region size 1024K, 25 young (25600K), 2 survivors (2048K)
 Metaspace       used 4131K, committed 4352K, reserved 491520K
  class space    used 518K, committed 640K, reserved 425984K
}
Event: 1.024 GC heap after
{Heap after GC invocations=2 (full 0):
 garbage-first heap   total 133120K, used 12160K [0x0000000780000000, 0x0000000800000000)
  region size 1024K, 4 young (4096K), 4 survivors (4096K)
 Metaspace       used 4131K, committed 4352K, reserved 491520K
  class space    used 518K, committed 640K, reserved 425984K
}
Event: 1.698 GC heap before
{Heap before GC invocations=2 (full 0):
 garbage-first heap   total 133120K, used 40832K [0x0000000780000000, 0x0000000800000000)
  region size 1024K, 30 young (30720K), 4 survivors (4096K)
 Metaspace       used 5362K, committed 5632K, reserved 491520K
  class space    used 717K, committed 832K, reserved 425984K
}
Event: 1.706 GC heap after
{Heap after GC invocations=3 (full 0):
 garbage-first heap   total 133120K, used 17568K [0x0000000780000000, 0x0000000800000000)
  region size 1024K, 4 young (4096K), 4 survivors (4096K)
 Metaspace       used 5362K, committed 5632K, reserved 491520K
  class space    used 717K, committed 832K, reserved 425984K
}
Event: 4.603 GC heap before
{Heap before GC invocations=3 (full 0):
 garbage-first heap   total 133120K, used 90272K [0x0000000780000000, 0x0000000800000000)
  region size 1024K, 76 young (77824K), 4 survivors (4096K)
 Metaspace       used 18973K, committed 19584K, reserved 491520K
  class space    used 2727K, committed 3008K, reserved 425984K
}
Event: 4.616 GC heap after
{Heap after GC invocations=4 (full 0):
 garbage-first heap   total 133120K, used 23431K [0x0000000780000000, 0x0000000800000000)
  region size 1024K, 10 young (10240K), 10 survivors (10240K)
 Metaspace       used 18973K, committed 19584K, reserved 491520K
  class space    used 2727K, committed 3008K, reserved 425984K
}
Event: 5.034 GC heap before
{Heap before GC invocations=4 (full 0):
 garbage-first heap   total 133120K, used 37767K [0x0000000780000000, 0x0000000800000000)
  region size 1024K, 25 young (25600K), 10 survivors (10240K)
 Metaspace       used 20830K, committed 21504K, reserved 491520K
  class space    used 3041K, committed 3392K, reserved 425984K
}
Event: 5.049 GC heap after
{Heap after GC invocations=5 (full 0):
 garbage-first heap   total 133120K, used 25118K [0x0000000780000000, 0x0000000800000000)
  region size 1024K, 2 young (2048K), 2 survivors (2048K)
 Metaspace       used 20830K, committed 21504K, reserved 491520K
  class space    used 3041K, committed 3392K, reserved 425984K
}
Event: 6.388 GC heap before
{Heap before GC invocations=6 (full 0):
 garbage-first heap   total 96256K, used 80414K [0x0000000780000000, 0x0000000800000000)
  region size 1024K, 56 young (57344K), 2 survivors (2048K)
 Metaspace       used 28079K, committed 29248K, reserved 491520K
  class space    used 4221K, committed 4800K, reserved 425984K
}
Event: 6.396 GC heap after
{Heap after GC invocations=7 (full 0):
 garbage-first heap   total 96256K, used 27474K [0x0000000780000000, 0x0000000800000000)
  region size 1024K, 4 young (4096K), 4 survivors (4096K)
 Metaspace       used 28079K, committed 29248K, reserved 491520K
  class space    used 4221K, committed 4800K, reserved 425984K
}
Event: 7.656 GC heap before
{Heap before GC invocations=7 (full 0):
 garbage-first heap   total 96256K, used 80722K [0x0000000780000000, 0x0000000800000000)
  region size 1024K, 56 young (57344K), 4 survivors (4096K)
 Metaspace       used 35003K, committed 36224K, reserved 491520K
  class space    used 5037K, committed 5632K, reserved 425984K
}
Event: 7.679 GC heap after
{Heap after GC invocations=8 (full 0):
 garbage-first heap   total 96256K, used 33115K [0x0000000780000000, 0x0000000800000000)
  region size 1024K, 7 young (7168K), 7 survivors (7168K)
 Metaspace       used 35003K, committed 36224K, reserved 491520K
  class space    used 5037K, committed 5632K, reserved 425984K
}
Event: 7.708 GC heap before
{Heap before GC invocations=8 (full 0):
 garbage-first heap   total 96256K, used 34139K [0x0000000780000000, 0x0000000800000000)
  region size 1024K, 9 young (9216K), 7 survivors (7168K)
 Metaspace       used 35070K, committed 36288K, reserved 491520K
  class space    used 5044K, committed 5632K, reserved 425984K
}
Event: 7.724 GC heap after
{Heap after GC invocations=9 (full 0):
 garbage-first heap   total 96256K, used 34362K [0x0000000780000000, 0x0000000800000000)
  region size 1024K, 1 young (1024K), 1 survivors (1024K)
 Metaspace       used 35070K, committed 36288K, reserved 491520K
  class space    used 5044K, committed 5632K, reserved 425984K
}
Event: 9.154 GC heap before
{Heap before GC invocations=10 (full 0):
 garbage-first heap   total 96256K, used 85562K [0x0000000780000000, 0x0000000800000000)
  region size 1024K, 47 young (48128K), 1 survivors (1024K)
 Metaspace       used 39811K, committed 41344K, reserved 491520K
  class space    used 5707K, committed 6464K, reserved 425984K
}
Event: 9.162 GC heap after
{Heap after GC invocations=11 (full 0):
 garbage-first heap   total 96256K, used 37375K [0x0000000780000000, 0x0000000800000000)
  region size 1024K, 4 young (4096K), 4 survivors (4096K)
 Metaspace       used 39811K, committed 41344K, reserved 491520K
  class space    used 5707K, committed 6464K, reserved 425984K
}
Event: 10.700 GC heap before
{Heap before GC invocations=11 (full 0):
 garbage-first heap   total 96256K, used 82431K [0x0000000780000000, 0x0000000800000000)
  region size 1024K, 48 young (49152K), 4 survivors (4096K)
 Metaspace       used 46106K, committed 47680K, reserved 491520K
  class space    used 6589K, committed 7360K, reserved 425984K
}
Event: 10.711 GC heap after
{Heap after GC invocations=12 (full 0):
 garbage-first heap   total 96256K, used 40350K [0x0000000780000000, 0x0000000800000000)
  region size 1024K, 4 young (4096K), 4 survivors (4096K)
 Metaspace       used 46106K, committed 47680K, reserved 491520K
  class space    used 6589K, committed 7360K, reserved 425984K
}
Event: 12.680 GC heap before
{Heap before GC invocations=12 (full 0):
 garbage-first heap   total 96256K, used 84382K [0x0000000780000000, 0x0000000800000000)
  region size 1024K, 46 young (47104K), 4 survivors (4096K)
 Metaspace       used 53858K, committed 55424K, reserved 491520K
  class space    used 7562K, committed 8320K, reserved 425984K
}
Event: 12.688 GC heap after
{Heap after GC invocations=13 (full 0):
 garbage-first heap   total 96256K, used 42535K [0x0000000780000000, 0x0000000800000000)
  region size 1024K, 4 young (4096K), 4 survivors (4096K)
 Metaspace       used 53858K, committed 55424K, reserved 491520K
  class space    used 7562K, committed 8320K, reserved 425984K
}

