# JRE version: Java(TM) SE Runtime Environment (21.0.2+13) (build 21.0.2+13-LTS-58)
# Java VM: Java HotSpot(TM) 64-Bit Server VM (21.0.2+13-LTS-58, mixed mode, sharing, tiered, compressed oops, compressed class ptrs, g1 gc, bsd-amd64)
Heap:
 garbage-first heap   total 314368K, used 191705K [0x0000000780000000, 0x0000000800000000)
  region size 1024K, 100 young (102400K), 2 survivors (2048K)
 Metaspace       used 134253K, committed 136320K, reserved 557056K
  class space    used 17322K, committed 18368K, reserved 425984K
GC Heap History (20 events):
Event: 39.873 GC heap before
{Heap before GC invocations=61 (full 0):
 garbage-first heap   total 219136K, used 189083K [0x0000000780000000, 0x0000000800000000)
  region size 1024K, 123 young (125952K), 16 survivors (16384K)
 Metaspace       used 84049K, committed 85888K, reserved 557056K
  class space    used 11347K, committed 12224K, reserved 425984K
}
Event: 39.905 GC heap after
{Heap after GC invocations=62 (full 0):
 garbage-first heap   total 219136K, used 80050K [0x0000000780000000, 0x0000000800000000)
  region size 1024K, 8 young (8192K), 8 survivors (8192K)
 Metaspace       used 84049K, committed 85888K, reserved 557056K
  class space    used 11347K, committed 12224K, reserved 425984K
}
Event: 40.349 GC heap before
{Heap before GC invocations=62 (full 0):
 garbage-first heap   total 219136K, used 96434K [0x0000000780000000, 0x0000000800000000)
  region size 1024K, 25 young (25600K), 8 survivors (8192K)
 Metaspace       used 86397K, committed 88192K, reserved 557056K
  class space    used 11652K, committed 12544K, reserved 425984K
}
Event: 40.363 GC heap after
{Heap after GC invocations=63 (full 0):
 garbage-first heap   total 219136K, used 80128K [0x0000000780000000, 0x0000000800000000)
  region size 1024K, 9 young (9216K), 9 survivors (9216K)
 Metaspace       used 86397K, committed 88192K, reserved 557056K
  class space    used 11652K, committed 12544K, reserved 425984K
}
Event: 42.396 GC heap before
{Heap before GC invocations=64 (full 0):
 garbage-first heap   total 219136K, used 195840K [0x0000000780000000, 0x0000000800000000)
  region size 1024K, 122 young (124928K), 9 survivors (9216K)
 Metaspace       used 93976K, committed 95872K, reserved 557056K
  class space    used 12451K, committed 13376K, reserved 425984K
}
Event: 42.420 GC heap after
{Heap after GC invocations=65 (full 0):
 garbage-first heap   total 219136K, used 87218K [0x0000000780000000, 0x0000000800000000)
  region size 1024K, 16 young (16384K), 16 survivors (16384K)
 Metaspace       used 93976K, committed 95872K, reserved 557056K
  class space    used 12451K, committed 13376K, reserved 425984K
}
Event: 45.102 GC heap before
{Heap before GC invocations=65 (full 0):
 garbage-first heap   total 219136K, used 188594K [0x0000000780000000, 0x0000000800000000)
  region size 1024K, 116 young (118784K), 16 survivors (16384K)
 Metaspace       used 108369K, committed 110208K, reserved 557056K
  class space    used 13936K, committed 14848K, reserved 425984K
}
Event: 45.128 GC heap after
{Heap after GC invocations=66 (full 0):
 garbage-first heap   total 219136K, used 87868K [0x0000000780000000, 0x0000000800000000)
  region size 1024K, 4 young (4096K), 4 survivors (4096K)
 Metaspace       used 108369K, committed 110208K, reserved 557056K
  class space    used 13936K, committed 14848K, reserved 425984K
}
Event: 47.313 GC heap before
{Heap before GC invocations=66 (full 0):
 garbage-first heap   total 219136K, used 201532K [0x0000000780000000, 0x0000000800000000)
  region size 1024K, 115 young (117760K), 4 survivors (4096K)
 Metaspace       used 121939K, committed 123968K, reserved 557056K
  class space    used 15842K, committed 16832K, reserved 425984K
}
Event: 47.326 GC heap after
{Heap after GC invocations=67 (full 0):
 garbage-first heap   total 219136K, used 93500K [0x0000000780000000, 0x0000000800000000)
  region size 1024K, 9 young (9216K), 9 survivors (9216K)
 Metaspace       used 121939K, committed 123968K, reserved 557056K
  class space    used 15842K, committed 16832K, reserved 425984K
}
Event: 47.535 GC heap before
{Heap before GC invocations=67 (full 0):
 garbage-first heap   total 314368K, used 192828K [0x0000000780000000, 0x0000000800000000)
  region size 1024K, 106 young (108544K), 9 survivors (9216K)
 Metaspace       used 121964K, committed 124032K, reserved 557056K
  class space    used 15846K, committed 16896K, reserved 425984K
}
Event: 47.551 GC heap after
{Heap after GC invocations=68 (full 0):
 garbage-first heap   total 314368K, used 94870K [0x0000000780000000, 0x0000000800000000)
  region size 1024K, 8 young (8192K), 8 survivors (8192K)
 Metaspace       used 121964K, committed 124032K, reserved 557056K
  class space    used 15846K, committed 16896K, reserved 425984K
}
Event: 47.898 GC heap before
{Heap before GC invocations=69 (full 0):
 garbage-first heap   total 314368K, used 275094K [0x0000000780000000, 0x0000000800000000)
  region size 1024K, 184 young (188416K), 8 survivors (8192K)
 Metaspace       used 121964K, committed 124032K, reserved 557056K
  class space    used 15846K, committed 16896K, reserved 425984K
}
Event: 47.911 GC heap after
{Heap after GC invocations=70 (full 0):
 garbage-first heap   total 314368K, used 97805K [0x0000000780000000, 0x0000000800000000)
  region size 1024K, 11 young (11264K), 11 survivors (11264K)
 Metaspace       used 121964K, committed 124032K, reserved 557056K
  class space    used 15846K, committed 16896K, reserved 425984K
}
Event: 48.161 GC heap before
{Heap before GC invocations=70 (full 0):
 garbage-first heap   total 314368K, used 274957K [0x0000000780000000, 0x0000000800000000)
  region size 1024K, 184 young (188416K), 11 survivors (11264K)
 Metaspace       used 121964K, committed 124032K, reserved 557056K
  class space    used 15846K, committed 16896K, reserved 425984K
}
Event: 48.173 GC heap after
{Heap after GC invocations=71 (full 0):
 garbage-first heap   total 314368K, used 97032K [0x0000000780000000, 0x0000000800000000)
  region size 1024K, 13 young (13312K), 13 survivors (13312K)
 Metaspace       used 121964K, committed 124032K, reserved 557056K
  class space    used 15846K, committed 16896K, reserved 425984K
}
Event: 48.592 GC heap before
{Heap before GC invocations=71 (full 0):
 garbage-first heap   total 314368K, used 272136K [0x0000000780000000, 0x0000000800000000)
  region size 1024K, 184 young (188416K), 13 survivors (13312K)
 Metaspace       used 121965K, committed 124032K, reserved 557056K
  class space    used 15846K, committed 16896K, reserved 425984K
}
Event: 48.602 GC heap after
{Heap after GC invocations=72 (full 0):
 garbage-first heap   total 314368K, used 91930K [0x0000000780000000, 0x0000000800000000)
  region size 1024K, 2 young (2048K), 2 survivors (2048K)
 Metaspace       used 121965K, committed 124032K, reserved 557056K
  class space    used 15846K, committed 16896K, reserved 425984K
}
Event: 50.065 GC heap before
{Heap before GC invocations=72 (full 0):
 garbage-first heap   total 314368K, used 279322K [0x0000000780000000, 0x0000000800000000)
  region size 1024K, 184 young (188416K), 2 survivors (2048K)
 Metaspace       used 125855K, committed 127936K, reserved 557056K
  class space    used 16320K, committed 17344K, reserved 425984K
}
Event: 50.069 GC heap after
{Heap after GC invocations=73 (full 0):
 garbage-first heap   total 314368K, used 91353K [0x0000000780000000, 0x0000000800000000)
  region size 1024K, 2 young (2048K), 2 survivors (2048K)
 Metaspace       used 125855K, committed 127936K, reserved 557056K
  class space    used 16320K, committed 17344K, reserved 425984K
}

