# JRE version: Java(TM) SE Runtime Environment (21.0.2+13) (build 21.0.2+13-LTS-58)
# Java VM: Java HotSpot(TM) 64-Bit Server VM (21.0.2+13-LTS-58, mixed mode, sharing, tiered, compressed oops, compressed class ptrs, g1 gc, bsd-amd64)
Heap:
 garbage-first heap   total 110592K, used 65749K [0x0000000780000000, 0x0000000800000000)
  region size 1024K, 29 young (29696K), 5 survivors (5120K)
 Metaspace       used 60233K, committed 61952K, reserved 491520K
  class space    used 8437K, committed 9280K, reserved 425984K
GC Heap History (20 events):
Event: 1.877 GC heap before
{Heap before GC invocations=2 (full 0):
 garbage-first heap   total 133120K, used 40819K [0x0000000780000000, 0x0000000800000000)
  region size 1024K, 30 young (30720K), 4 survivors (4096K)
 Metaspace       used 5312K, committed 5504K, reserved 491520K
  class space    used 709K, committed 832K, reserved 425984K
}
Event: 1.886 GC heap after
{Heap after GC invocations=3 (full 0):
 garbage-first heap   total 133120K, used 17368K [0x0000000780000000, 0x0000000800000000)
  region size 1024K, 4 young (4096K), 4 survivors (4096K)
 Metaspace       used 5312K, committed 5504K, reserved 491520K
  class space    used 709K, committed 832K, reserved 425984K
}
Event: 5.095 GC heap before
{Heap before GC invocations=3 (full 0):
 garbage-first heap   total 133120K, used 90072K [0x0000000780000000, 0x0000000800000000)
  region size 1024K, 76 young (77824K), 4 survivors (4096K)
 Metaspace       used 18929K, committed 19520K, reserved 491520K
  class space    used 2720K, committed 3008K, reserved 425984K
}
Event: 5.110 GC heap after
{Heap after GC invocations=4 (full 0):
 garbage-first heap   total 133120K, used 22954K [0x0000000780000000, 0x0000000800000000)
  region size 1024K, 10 young (10240K), 10 survivors (10240K)
 Metaspace       used 18929K, committed 19520K, reserved 491520K
  class space    used 2720K, committed 3008K, reserved 425984K
}
Event: 5.627 GC heap before
{Heap before GC invocations=4 (full 0):
 garbage-first heap   total 133120K, used 37290K [0x0000000780000000, 0x0000000800000000)
  region size 1024K, 25 young (25600K), 10 survivors (10240K)
 Metaspace       used 20835K, committed 21504K, reserved 491520K
  class space    used 3048K, committed 3392K, reserved 425984K
}
Event: 5.639 GC heap after
{Heap after GC invocations=5 (full 0):
 garbage-first heap   total 133120K, used 24720K [0x0000000780000000, 0x0000000800000000)
  region size 1024K, 2 young (2048K), 2 survivors (2048K)
 Metaspace       used 20835K, committed 21504K, reserved 491520K
  class space    used 3048K, committed 3392K, reserved 425984K
}
Event: 7.453 GC heap before
{Heap before GC invocations=6 (full 0):
 garbage-first heap   total 92160K, used 77968K [0x0000000780000000, 0x0000000800000000)
  region size 1024K, 54 young (55296K), 2 survivors (2048K)
 Metaspace       used 27647K, committed 28800K, reserved 491520K
  class space    used 4172K, committed 4736K, reserved 425984K
}
Event: 7.461 GC heap after
{Heap after GC invocations=7 (full 0):
 garbage-first heap   total 92160K, used 27132K [0x0000000780000000, 0x0000000800000000)
  region size 1024K, 4 young (4096K), 4 survivors (4096K)
 Metaspace       used 27647K, committed 28800K, reserved 491520K
  class space    used 4172K, committed 4736K, reserved 425984K
}
Event: 8.726 GC heap before
{Heap before GC invocations=7 (full 0):
 garbage-first heap   total 92160K, used 75260K [0x0000000780000000, 0x0000000800000000)
  region size 1024K, 52 young (53248K), 4 survivors (4096K)
 Metaspace       used 34366K, committed 35584K, reserved 491520K
  class space    used 4955K, committed 5568K, reserved 425984K
}
Event: 8.746 GC heap after
{Heap after GC invocations=8 (full 0):
 garbage-first heap   total 92160K, used 31888K [0x0000000780000000, 0x0000000800000000)
  region size 1024K, 7 young (7168K), 7 survivors (7168K)
 Metaspace       used 34366K, committed 35584K, reserved 491520K
  class space    used 4955K, committed 5568K, reserved 425984K
}
Event: 8.892 GC heap before
{Heap before GC invocations=8 (full 0):
 garbage-first heap   total 92160K, used 38032K [0x0000000780000000, 0x0000000800000000)
  region size 1024K, 14 young (14336K), 7 survivors (7168K)
 Metaspace       used 34906K, committed 36096K, reserved 491520K
  class space    used 5037K, committed 5632K, reserved 425984K
}
Event: 8.903 GC heap after
{Heap after GC invocations=9 (full 0):
 garbage-first heap   total 92160K, used 32929K [0x0000000780000000, 0x0000000800000000)
  region size 1024K, 1 young (1024K), 1 survivors (1024K)
 Metaspace       used 34906K, committed 36096K, reserved 491520K
  class space    used 5037K, committed 5632K, reserved 425984K
}
Event: 10.274 GC heap before
{Heap before GC invocations=10 (full 0):
 garbage-first heap   total 92160K, used 84129K [0x0000000780000000, 0x0000000800000000)
  region size 1024K, 46 young (47104K), 1 survivors (1024K)
 Metaspace       used 39567K, committed 41024K, reserved 491520K
  class space    used 5678K, committed 6400K, reserved 425984K
}
Event: 10.282 GC heap after
{Heap after GC invocations=11 (full 0):
 garbage-first heap   total 92160K, used 36267K [0x0000000780000000, 0x0000000800000000)
  region size 1024K, 5 young (5120K), 5 survivors (5120K)
 Metaspace       used 39567K, committed 41024K, reserved 491520K
  class space    used 5678K, committed 6400K, reserved 425984K
}
Event: 11.599 GC heap before
{Heap before GC invocations=11 (full 0):
 garbage-first heap   total 92160K, used 79275K [0x0000000780000000, 0x0000000800000000)
  region size 1024K, 47 young (48128K), 5 survivors (5120K)
 Metaspace       used 44325K, committed 45888K, reserved 491520K
  class space    used 6450K, committed 7232K, reserved 425984K
}
Event: 11.611 GC heap after
{Heap after GC invocations=12 (full 0):
 garbage-first heap   total 92160K, used 38057K [0x0000000780000000, 0x0000000800000000)
  region size 1024K, 3 young (3072K), 3 survivors (3072K)
 Metaspace       used 44325K, committed 45888K, reserved 491520K
  class space    used 6450K, committed 7232K, reserved 425984K
}
Event: 12.944 GC heap before
{Heap before GC invocations=12 (full 0):
 garbage-first heap   total 92160K, used 82089K [0x0000000780000000, 0x0000000800000000)
  region size 1024K, 45 young (46080K), 3 survivors (3072K)
 Metaspace       used 49954K, committed 51584K, reserved 491520K
  class space    used 7135K, committed 7936K, reserved 425984K
}
Event: 12.954 GC heap after
{Heap after GC invocations=13 (full 0):
 garbage-first heap   total 92160K, used 39019K [0x0000000780000000, 0x0000000800000000)
  region size 1024K, 4 young (4096K), 4 survivors (4096K)
 Metaspace       used 49954K, committed 51584K, reserved 491520K
  class space    used 7135K, committed 7936K, reserved 425984K
}
Event: 13.874 GC heap before
{Heap before GC invocations=13 (full 0):
 garbage-first heap   total 92160K, used 63595K [0x0000000780000000, 0x0000000800000000)
  region size 1024K, 29 young (29696K), 4 survivors (4096K)
 Metaspace       used 58777K, committed 60416K, reserved 491520K
  class space    used 8280K, committed 9088K, reserved 425984K
}
Event: 13.892 GC heap after
{Heap after GC invocations=14 (full 0):
 garbage-first heap   total 110592K, used 41943K [0x0000000780000000, 0x0000000800000000)
  region size 1024K, 5 young (5120K), 5 survivors (5120K)
 Metaspace       used 58777K, committed 60416K, reserved 491520K
  class space    used 8280K, committed 9088K, reserved 425984K
}

